<?xml version="1.0" encoding="UTF-8"?>
<!-- Generated by org.testng.reporters.JUnitXMLReporter -->
<testsuite ignored="0" hostname="MGTECHLPT311" failures="3" tests="3" name="ChromeBrowserTest" time="11.225" errors="0" timestamp="2023-06-09T17:23:17 IST">
  <testcase classname="TestClass.TC_009_EndToEnd_Test" name="IndexPage_Test" time="0.204">
    <failure type="java.util.MissingResourceException" message="Can&amp;apos;t find resource for bundle java.util.PropertyResourceBundle, key product">
      <![CDATA[java.util.MissingResourceException: Can't find resource for bundle java.util.PropertyResourceBundle, key product
at java.base/java.util.ResourceBundle.getObject(ResourceBundle.java:564)
at java.base/java.util.ResourceBundle.getString(ResourceBundle.java:521)
at TestClass.TC_009_EndToEnd_Test.IndexPage_Test(TC_009_EndToEnd_Test.java:45)
at java.base/java.util.ArrayList.forEach(ArrayList.java:1511)
at java.base/java.util.concurrent.FutureTask.run(FutureTask.java:264)
at java.base/java.util.concurrent.ThreadPoolExecutor.runWorker(ThreadPoolExecutor.java:1136)
at java.base/java.util.concurrent.ThreadPoolExecutor$Worker.run(ThreadPoolExecutor.java:635)
at java.base/java.lang.Thread.run(Thread.java:833)
... Removed 17 stack frames]]>
    </failure>
  </testcase> <!-- IndexPage_Test -->
  <testcase classname="TestClass.TC_009_EndToEnd_Test" name="ProductSearchPage_Test" time="0.002">
    <failure type="java.lang.NullPointerException" message="Cannot invoke &amp;quot;PageObjects.ProductSearchPage.ClickOn_Wishlist2()&amp;quot; because &amp;quot;this.ps&amp;quot; is null">
      <![CDATA[java.lang.NullPointerException: Cannot invoke "PageObjects.ProductSearchPage.ClickOn_Wishlist2()" because "this.ps" is null
at TestClass.TC_009_EndToEnd_Test.ProductSearchPage_Test(TC_009_EndToEnd_Test.java:56)
at java.base/java.util.ArrayList.forEach(ArrayList.java:1511)
at java.base/java.util.concurrent.FutureTask.run(FutureTask.java:264)
at java.base/java.util.concurrent.ThreadPoolExecutor.runWorker(ThreadPoolExecutor.java:1136)
at java.base/java.util.concurrent.ThreadPoolExecutor$Worker.run(ThreadPoolExecutor.java:635)
at java.base/java.lang.Thread.run(Thread.java:833)
... Removed 17 stack frames]]>
    </failure>
  </testcase> <!-- ProductSearchPage_Test -->
  <testcase classname="TestClass.TC_009_EndToEnd_Test" name="ShopingCartPage_Test" time="0.001">
    <failure type="java.lang.NullPointerException" message="Cannot invoke &amp;quot;PageObjects.ShopingCartPage.GetUnitPrice(String)&amp;quot; because &amp;quot;this.ShopingCartPage&amp;quot; is null">
      <![CDATA[java.lang.NullPointerException: Cannot invoke "PageObjects.ShopingCartPage.GetUnitPrice(String)" because "this.ShopingCartPage" is null
at TestClass.TC_009_EndToEnd_Test.ShopingCartPage_Test(TC_009_EndToEnd_Test.java:73)
at java.base/java.util.ArrayList.forEach(ArrayList.java:1511)
at java.base/java.util.concurrent.FutureTask.run(FutureTask.java:264)
at java.base/java.util.concurrent.ThreadPoolExecutor.runWorker(ThreadPoolExecutor.java:1136)
at java.base/java.util.concurrent.ThreadPoolExecutor$Worker.run(ThreadPoolExecutor.java:635)
at java.base/java.lang.Thread.run(Thread.java:833)
... Removed 17 stack frames]]>
    </failure>
  </testcase> <!-- ShopingCartPage_Test -->
</testsuite> <!-- ChromeBrowserTest -->
